[(key1,value1)(key3,value3)(key5,value5)]
[(missingKey1,KVSERROR)(missingKey2,KVSERROR)]
[(key1,updatedValue1)(key3,updatedValue3)]
[(key2,KVSMISSING)(key4,KVSMISSING)]
(aKey, aValue)
(backupKey1, backupValue1)
(bKey, bValue)
(mKey, mValue)
(zKey, zValue)
[(missingKey1,KVSMISSING)(key5,KVSMISSING)]
[(key5,KVSERROR)]
(aKey, aValue)
(backupKey1, backupValue1)
(bKey, bValue)
(mKey, mValue)
(zKey, zValue)
[(key1,KVSMISSING)(key3,KVSMISSING)]
(aKey, aValue)
(backupKey1, backupValue1)
(bKey, bValue)
(mKey, mValue)
(zKey, zValue)
[(aKey,aValue)(bKey,bValue)]
[(mKey,mValue)(zKey,zValue)]
[(missingKey3,KVSERROR)(missingKey4,KVSERROR)]
(aKey, aValue)
(backupKey1, backupValue1)
(bKey, bValue)
(k20, v20)
(k19, v19)
(k18, v18)
(k17, v17)
(k16, v16)
(k15, v15)
(k14, v14)
(k13, v13)
(k12, v12)
(k11, v11)
(k10, v10)
(k9, v9)
(k8, v8)
(k7, v7)
(k6, v6)
(k5, v5)
(k4, v4)
(k3, v3)
(k2, v2)
(k1, v1)
(mKey, mValue)
(newKey2, newValue2)
(newKey1, newValue1)
(zKey, zValue)
[(newKey1,newValue1)(newKey2,newValue2)]
(aKey, aValue)
(backupKey1, backupValue1)
(bKey, bValue)
(k20, v20)
(k19, v19)
(k18, v18)
(k17, v17)
(k16, v16)
(k15, v15)
(k14, v14)
(k13, v13)
(k12, v12)
(k11, v11)
(k9, v9)
(k8, v8)
(k7, v7)
(k6, v6)
(k5, v5)
(k4, v4)
(k3, v3)
(k2, v2)
(massKey5, massValue5)
(massKey4, massValue4)
(massKey2, massValue2)
(mKey, mValue)
(newKey2, newValue2)
(newKey1, newValue1)
(zKey, zValue)
(aKey, aValue)
(backupKey1, backupValue1)
(bKey, bValue)
(k20, v20)
(k19, v19)
(k18, v18)
(k17, v17)
(k16, v16)
(k15, v15)
(k14, v14)
(k13, v13)
(k12, v12)
(k11, v11)
(k9, v9)
(k8, v8)
(k7, v7)
(k6, v6)
(k5, v5)
(k4, v4)
(k3, v3)
(k2, v2)
(massKey3, massValue3)
(massKey1, massValue1)
(massKey5, massValue5)
(massKey4, massValue4)
(massKey2, massValue2)
(mKey, mValue)
(newKey2, newValue2)
(newKey1, newValue1)
(repeatKey1, repeatValue1)
(zKey, zValue)
[(k1,KVSERROR)(k10,KVSERROR)(k20,v20)]
[(k1,KVSMISSING)(k10,KVSMISSING)]
(aKey, aValue)
(backupKey1, backupValue1)
(bKey, bValue)
(k19, v19)
(k18, v18)
(k17, v17)
(k16, v16)
(k15, v15)
(k14, v14)
(k13, v13)
(k12, v12)
(k11, v11)
(k9, v9)
(k8, v8)
(k7, v7)
(k6, v6)
(k5, v5)
(k4, v4)
(k3, v3)
(k2, v2)
(massKey5, massValue5)
(massKey4, massValue4)
(massKey2, massValue2)
(mKey, mValue)
(newKey2, newValue2)
(newKey1, newValue1)
(stateKey3, stateValue3)
(stateKey2, stateValue2)
(zKey, zValue)
[(massKey2,massValue2)(massKey4,massValue4)(massKey5,massValue5)]
(aKey, aValue)
(backupKey1, backupValue1)
(bKey, bValue)
(k19, v19)
(k18, v18)
(k17, v17)
(k16, v16)
(k15, v15)
(k14, v14)
(k13, v13)
(k12, v12)
(k11, v11)
(k9, v9)
(k8, v8)
(k7, v7)
(k6, v6)
(k5, v5)
(k4, v4)
(k3, v3)
(k2, v2)
(massKey5, massValue5)
(massKey4, massValue4)
(massKey2, massValue2)
(mKey, mValue)
(newKey2, newValue2)
(newKey1, newValue1)
(stateKey3, stateValue3)
(stateKey2, stateValue2)
(zKey, zValue)
(aKey, aValue)
(backupKey1, backupValue1)
(bKey, bValue)
(k19, v19)
(k18, v18)
(k17, v17)
(k16, v16)
(k15, v15)
(k14, v14)
(k13, v13)
(k12, v12)
(k11, v11)
(k9, v9)
(k8, v8)
(k7, v7)
(k6, v6)
(k5, v5)
(k4, v4)
(k3, v3)
(k2, v2)
(massKey5, massValue5)
(massKey4, massValue4)
(massKey2, massValue2)
(mKey, mValue)
(newKey2, newValue2)
(newKey1, newValue1)
(stateKey3, stateValue3)
(stateKey2, stateValue2)
(zKey, zValue)
[(repeatKey1,repeatValue1)]
[(repeatKey1,KVSERROR)]
(aKey, aValue)
(backupKey1, backupValue1)
(bKey, bValue)
(finalKey4, finalValue4)
(finalKey2, finalValue2)
(key3, value3)
(key2, value2)
(key1, value1)
(k19, v19)
(k18, v18)
(k17, v17)
(k16, v16)
(k15, v15)
(k14, v14)
(k13, v13)
(k12, v12)
(k11, v11)
(k9, v9)
(k8, v8)
(k7, v7)
(k6, v6)
(k5, v5)
(k4, v4)
(k3, v3)
(k2, v2)
(massKey5, massValue5)
(massKey4, massValue4)
(massKey2, massValue2)
(mKey, mValue)
(newKey2, newValue2)
(newKey1, newValue1)
(stateKey3, stateValue3)
(stateKey2, stateValue2)
(zKey, zValue)
(aKey, aValue)
(backupKey1, backupValue1)
(bKey, bValue)
(finalKey4, finalValue4)
(finalKey2, finalValue2)
(key5, value5)
(key4, value4)
(key3, updatedValue3)
(key2, value2)
(key1, updatedValue1)
(k19, v19)
(k18, v18)
(k17, v17)
(k16, v16)
(k15, v15)
(k14, v14)
(k13, v13)
(k12, v12)
(k11, v11)
(k9, v9)
(k8, v8)
(k7, v7)
(k6, v6)
(k5, v5)
(k4, v4)
(k3, v3)
(k2, v2)
(massKey5, massValue5)
(massKey4, massValue4)
(massKey2, massValue2)
(mKey, mValue)
(newKey2, newValue2)
(newKey1, newValue1)
(stateKey3, stateValue3)
(stateKey2, stateValue2)
(zKey, zValue)
(aKey, aValue)
(backupKey1, backupValue1)
(bKey, bValue)
(finalKey4, finalValue4)
(finalKey2, finalValue2)
(key3, updatedValue3)
(key1, updatedValue1)
(k19, v19)
(k18, v18)
(k17, v17)
(k16, v16)
(k15, v15)
(k14, v14)
(k13, v13)
(k12, v12)
(k11, v11)
(k9, v9)
(k8, v8)
(k7, v7)
(k6, v6)
(k5, v5)
(k4, v4)
(k3, v3)
(k2, v2)
(massKey5, massValue5)
(massKey4, massValue4)
(massKey2, massValue2)
(mKey, mValue)
(newKey2, newValue2)
(newKey1, newValue1)
(stateKey3, stateValue3)
(stateKey2, stateValue2)
(zKey, zValue)
[(key1,value1)(key3,value3)(key5,value5)]
[(missingKey1,KVSERROR)(missingKey2,KVSERROR)]
[(key1,updatedValue1)(key3,updatedValue3)]
(aKey, aValue)
(backupKey1, backupValue1)
(bKey, bValue)
(finalKey4, finalValue4)
(finalKey2, finalValue2)
(key5, value5)
(k19, v19)
(k18, v18)
(k17, v17)
(k16, v16)
(k15, v15)
(k14, v14)
(k13, v13)
(k12, v12)
(k11, v11)
(k9, v9)
(k8, v8)
(k7, v7)
(k6, v6)
(k5, v5)
(k4, v4)
(k3, v3)
(k2, v2)
(massKey5, massValue5)
(massKey4, massValue4)
(massKey2, massValue2)
(mKey, mValue)
(newKey2, newValue2)
(newKey1, newValue1)
(stateKey3, stateValue3)
(stateKey2, stateValue2)
(zKey, zValue)
[(missingKey1,KVSMISSING)]
[(key5,KVSERROR)]
(aKey, aValue)
(backupKey1, backupValue1)
(bKey, bValue)
(finalKey4, finalValue4)
(finalKey2, finalValue2)
(key5, value5)
(key4, value4)
(key3, value3)
(key2, value2)
(key1, value1)
(k19, v19)
(k18, v18)
(k17, v17)
(k16, v16)
(k15, v15)
(k14, v14)
(k13, v13)
(k12, v12)
(k11, v11)
(k9, v9)
(k8, v8)
(k7, v7)
(k6, v6)
(k5, v5)
(k4, v4)
(k3, v3)
(k2, v2)
(massKey5, massValue5)
(massKey4, massValue4)
(massKey2, massValue2)
(mKey, mValue)
(newKey2, newValue2)
(newKey1, newValue1)
(stateKey3, stateValue3)
(stateKey2, stateValue2)
(zKey, zValue)
(aKey, aValue)
(backupKey1, backupValue1)
(bKey, bValue)
(finalKey4, finalValue4)
(finalKey2, finalValue2)
(k10, v10)
(k1, v1)
(key5, value5)
(key4, value4)
(key2, value2)
(k19, v19)
(k18, v18)
(k17, v17)
(k16, v16)
(k15, v15)
(k14, v14)
(k13, v13)
(k12, v12)
(k11, v11)
(k9, v9)
(k8, v8)
(k7, v7)
(k6, v6)
(k5, v5)
(k4, v4)
(k3, v3)
(k2, v2)
(massKey5, massValue5)
(massKey4, massValue4)
(massKey2, massValue2)
(mKey, mValue)
(newKey2, newValue2)
(newKey1, newValue1)
(stateKey3, stateValue3)
(stateKey2, stateValue2)
(zKey, zValue)
[(aKey,aValue)(bKey,bValue)]
[(mKey,mValue)(zKey,zValue)]
[(missingKey3,KVSERROR)(missingKey4,KVSERROR)]
(aKey, aValue)
(backupKey1, backupValue1)
(bKey, bValue)
(finalKey4, finalValue4)
(finalKey2, finalValue2)
(key3, updatedValue3)
(key1, updatedValue1)
(key5, value5)
(key4, value4)
(key2, value2)
(k19, v19)
(k18, v18)
(k17, v17)
(k16, v16)
(k15, v15)
(k14, v14)
(k13, v13)
(k12, v12)
(k11, v11)
(k9, v9)
(k8, v8)
(k7, v7)
(k6, v6)
(k5, v5)
(k4, v4)
(k3, v3)
(k2, v2)
(massKey5, massValue5)
(massKey4, massValue4)
(massKey2, massValue2)
(mKey, mValue)
(newKey2, newValue2)
(newKey1, newValue1)
(stateKey3, stateValue3)
(stateKey2, stateValue2)
(zKey, zValue)
[(newKey1,newValue1)(newKey2,newValue2)]
(aKey, aValue)
(backupKey1, backupValue1)
(bKey, bValue)
(finalKey4, finalValue4)
(finalKey2, finalValue2)
(k20, v20)
(k10, v10)
(k1, v1)
(k19, v19)
(k18, v18)
(k17, v17)
(k16, v16)
(k15, v15)
(k14, v14)
(k13, v13)
(k12, v12)
(k11, v11)
(k9, v9)
(k8, v8)
(k7, v7)
(k6, v6)
(k5, v5)
(k4, v4)
(k3, v3)
(k2, v2)
(massKey5, massValue5)
(massKey4, massValue4)
(massKey2, massValue2)
(mKey, mValue)
(newKey2, newValue2)
(newKey1, newValue1)
(stateKey3, stateValue3)
(stateKey2, stateValue2)
(zKey, zValue)
(aKey, aValue)
(backupKey1, backupValue1)
(bKey, bValue)
(finalKey4, finalValue4)
(finalKey2, finalValue2)
(key3, value3)
(key2, value2)
(key1, value1)
(k20, v20)
(k10, v10)
(k1, v1)
(k19, v19)
(k18, v18)
(k17, v17)
(k16, v16)
(k15, v15)
(k14, v14)
(k13, v13)
(k12, v12)
(k11, v11)
(k9, v9)
(k8, v8)
(k7, v7)
(k6, v6)
(k5, v5)
(k4, v4)
(k3, v3)
(k2, v2)
(massKey5, massValue5)
(massKey4, massValue4)
(massKey2, massValue2)
(mKey, mValue)
(newKey2, newValue2)
(newKey1, newValue1)
(stateKey3, stateValue3)
(stateKey2, stateValue2)
(zKey, zValue)
[(k1,v1)(k10,v10)(k20,v20)]
(aKey, aValue)
(backupKey1, backupValue1)
(bKey, bValue)
(finalKey4, finalValue4)
(finalKey2, finalValue2)
(key3, value3)
(key2, value2)
(key1, value1)
(k19, v19)
(k18, v18)
(k17, v17)
(k16, v16)
(k15, v15)
(k14, v14)
(k13, v13)
(k12, v12)
(k11, v11)
(k9, v9)
(k8, v8)
(k7, v7)
(k6, v6)
(k5, v5)
(k4, v4)
(k3, v3)
(k2, v2)
(massKey5, massValue5)
(massKey4, massValue4)
(massKey2, massValue2)
(mKey, mValue)
(newKey2, newValue2)
(newKey1, newValue1)
(stateKey3, stateValue3)
(stateKey2, stateValue2)
(zKey, zValue)
[(massKey2,massValue2)(massKey4,massValue4)(massKey5,massValue5)]
(aKey, aValue)
(backupKey1, backupValue1)
(bKey, bValue)
(finalKey4, finalValue4)
(finalKey2, finalValue2)
(key5, value5)
(key4, value4)
(k20, v20)
(k10, v10)
(k1, v1)
(key3, value3)
(key2, value2)
(key1, value1)
(k19, v19)
(k18, v18)
(k17, v17)
(k16, v16)
(k15, v15)
(k14, v14)
(k13, v13)
(k12, v12)
(k11, v11)
(k9, v9)
(k8, v8)
(k7, v7)
(k6, v6)
(k5, v5)
(k4, v4)
(k3, v3)
(k2, v2)
(massKey5, massValue5)
(massKey4, massValue4)
(massKey2, massValue2)
(mKey, mValue)
(newKey2, newValue2)
(newKey1, newValue1)
(stateKey3, stateValue3)
(stateKey2, stateValue2)
(zKey, zValue)
[(repeatKey1,repeatValue1)]
[(repeatKey1,KVSERROR)]
(aKey, aValue)
(backupKey1, backupValue1)
(bKey, bValue)
(finalKey4, finalValue4)
(finalKey2, finalValue2)
(key3, updatedValue3)
(key1, updatedValue1)
(k19, v19)
(k18, v18)
(k17, v17)
(k16, v16)
(k15, v15)
(k14, v14)
(k13, v13)
(k12, v12)
(k11, v11)
(k9, v9)
(k8, v8)
(k7, v7)
(k6, v6)
(k5, v5)
(k4, v4)
(k3, v3)
(k2, v2)
(massKey5, massValue5)
(massKey4, massValue4)
(massKey2, massValue2)
(mKey, mValue)
(newKey2, newValue2)
(newKey1, newValue1)
(stateKey3, stateValue3)
(stateKey2, stateValue2)
(zKey, zValue)
(aKey, aValue)
(backupKey1, backupValue1)
(bKey, bValue)
(finalKey4, finalValue4)
(finalKey2, finalValue2)
(key3, updatedValue3)
(key1, updatedValue1)
(k19, v19)
(k18, v18)
(k17, v17)
(k16, v16)
(k15, v15)
(k14, v14)
(k13, v13)
(k12, v12)
(k11, v11)
(k9, v9)
(k8, v8)
(k7, v7)
(k6, v6)
(k5, v5)
(k4, v4)
(k3, v3)
(k2, v2)
(massKey5, massValue5)
(massKey4, massValue4)
(massKey2, massValue2)
(mKey, mValue)
(newKey2, newValue2)
(newKey1, newValue1)
(stateKey3, stateValue3)
(stateKey2, stateValue2)
(zKey, zValue)
(aKey, aValue)
(backupKey1, backupValue1)
(bKey, bValue)
(finalKey4, finalValue4)
(finalKey2, finalValue2)
(key3, updatedValue3)
(key1, updatedValue1)
(k19, v19)
(k18, v18)
(k17, v17)
(k16, v16)
(k15, v15)
(k14, v14)
(k13, v13)
(k12, v12)
(k11, v11)
(k9, v9)
(k8, v8)
(k7, v7)
(k6, v6)
(k5, v5)
(k4, v4)
(k3, v3)
(k2, v2)
(massKey5, massValue5)
(massKey4, massValue4)
(massKey2, massValue2)
(mKey, mValue)
(newKey2, newValue2)
(newKey1, newValue1)
(stateKey3, stateValue3)
(stateKey2, stateValue2)
(zKey, zValue)
Value)
lue2)
(mKey, mValue)
(newKey2, newValue2)
(newKey1, newValue1)
(stateKey3, stateValue3)
(stateKey2, stateValue2)
(zKey, zValue)
(aKey, aValue)
(backupKey1, backupValue1)
(bKey, bValue)
(finalKey4, finalValue4)
(finalKey2, finalValue2)
(k19, v19)
(k18, v18)
(k17, v17)
(k16, v16)
(k15, v15)
(k14, v14)
(k13, v13)
(k12, v12)
(k11, v11)
(k9, v9)
(k8, v8)
(k7, v7)
(k6, v6)
(k5, v5)
(k4, v4)
(k3, v3)
(k2, v2)
(massKey5, massValue5)
(massKey4, massValue4)
(massKey2, massValue2)
(mKey, mValue)
(newKey2, newValue2)
(newKey1, newValue1)
(stateKey3, stateValue3)
(stateKey2, stateValue2)
(zKey, zValue)
k15, v15)
(k14, v14)
(k13, v13)
(k12, v12)
(k11, v11)
(k9, v9)
(k8, v8)
(k7, v7)
(k6, v6)
(k5, v5)
(k4, v4)
(k3, v3)
(k2, v2)
(massKey5, massValue5)
(massKey4, massValue4)
(massKey2, massValue2)
(mKey, mValue)
(newKey2, newValue2)
(newKey1, newValue1)
(stateKey3, stateValue3)
(stateKey2, stateValue2)
(zKey, zValue)
